Compiling the C compiler identification source file "CMakeCCompilerId.c" failed.
Compiler: D:/filecaidat/cygwin/bin/cc 
Build flags: 
Id flags:  

The output was:
Access is denied


Compiling the C compiler identification source file "CMakeCCompilerId.c" failed.
Compiler: D:/filecaidat/cygwin/bin/cc 
Build flags: 
Id flags: -c 

The output was:
Access is denied


Compiling the C compiler identification source file "CMakeCCompilerId.c" failed.
Compiler: D:/filecaidat/cygwin/bin/cc 
Build flags: 
Id flags: -Aa 

The output was:
Access is denied


Compiling the C compiler identification source file "CMakeCCompilerId.c" failed.
Compiler: D:/filecaidat/cygwin/bin/cc 
Build flags: 
Id flags: -D__CLASSIC_C__ 

The output was:
Access is denied


Compiling the C compiler identification source file "CMakeCCompilerId.c" failed.
Compiler: D:/filecaidat/cygwin/bin/cc 
Build flags: 
Id flags: --target=arm-arm-none-eabi;-mcpu=cortex-m3 

The output was:
Access is denied


Compiling the C compiler identification source file "CMakeCCompilerId.c" failed.
Compiler: D:/filecaidat/cygwin/bin/cc 
Build flags: 
Id flags:  

The output was:
Access is denied


Compiling the C compiler identification source file "CMakeCCompilerId.c" failed.
Compiler: D:/filecaidat/cygwin/bin/cc 
Build flags: 
Id flags: -c 

The output was:
Access is denied


Compiling the C compiler identification source file "CMakeCCompilerId.c" failed.
Compiler: D:/filecaidat/cygwin/bin/cc 
Build flags: 
Id flags: -Aa 

The output was:
Access is denied


Compiling the C compiler identification source file "CMakeCCompilerId.c" failed.
Compiler: D:/filecaidat/cygwin/bin/cc 
Build flags: 
Id flags: -D__CLASSIC_C__ 

The output was:
Access is denied


Compiling the C compiler identification source file "CMakeCCompilerId.c" failed.
Compiler: D:/filecaidat/cygwin/bin/cc 
Build flags: 
Id flags: --target=arm-arm-none-eabi;-mcpu=cortex-m3 

The output was:
Access is denied


Checking whether the C compiler is IAR using "" did not match "IAR .+ Compiler":
Checking whether the C compiler is IAR using "" did not match "IAR .+ Compiler":
Determining if the C compiler works failed with the following output:
Change Dir: D:/TienDat/esp32/TTTN/main/build/CMakeFiles/CMakeTmp

Run Build Command(s):D:/filecaidat/esp/esp-idf/.espressif/tools/ninja/1.10.2/ninja.exe cmTC_1bb63 && 
CreateProcess failed. Command attempted:
"D:\filecaidat\cygwin\bin\cc    -o CMakeFiles\cmTC_1bb63.dir\testCCompiler.c.obj   -c testCCompiler.c"
ninja: fatal: CreateProcess: Access is denied.




